# JRE version: Java(TM) SE Runtime Environment (8.0_101-b13) (build 1.8.0_101-b13)
# Java VM: Java HotSpot(TM) 64-Bit Server VM (25.101-b13 mixed mode linux-amd64 compressed oops)
Heap:
 PSYoungGen      total 116224K, used 14832K [0x00000000eab00000, 0x00000000f2e00000, 0x0000000100000000)
  eden space 101376K, 0% used [0x00000000eab00000,0x00000000eab00000,0x00000000f0e00000)
  from space 14848K, 99% used [0x00000000f0e00000,0x00000000f1c7c318,0x00000000f1c80000)
  to   space 11776K, 0% used [0x00000000f1c80000,0x00000000f1c80000,0x00000000f2800000)
 ParOldGen       total 35840K, used 30995K [0x00000000c0000000, 0x00000000c2300000, 0x00000000eab00000)
  object space 35840K, 86% used [0x00000000c0000000,0x00000000c1e44f58,0x00000000c2300000)
 Metaspace       used 6386K, capacity 7192K, committed 7424K, reserved 1056768K
  class space    used 613K, capacity 656K, committed 768K, reserved 1048576K
GC Heap History (10 events):
Event: 5.073 GC heap after
Heap after GC invocations=4 (full 0):
 PSYoungGen      total 28672K, used 2023K [0x00000000eab00000, 0x00000000ec900000, 0x0000000100000000)
  eden space 26624K, 0% used [0x00000000eab00000,0x00000000eab00000,0x00000000ec500000)
  from space 2048K, 98% used [0x00000000ec700000,0x00000000ec8f9e48,0x00000000ec900000)
  to   space 2048K, 0% used [0x00000000ec500000,0x00000000ec500000,0x00000000ec700000)
 ParOldGen       total 35840K, used 6770K [0x00000000c0000000, 0x00000000c2300000, 0x00000000eab00000)
  object space 35840K, 18% used [0x00000000c0000000,0x00000000c069ca18,0x00000000c2300000)
 Metaspace       used 5918K, capacity 6896K, committed 7040K, reserved 1056768K
  class space    used 592K, capacity 616K, committed 640K, reserved 1048576K
}
Event: 5.593 GC heap before
{Heap before GC invocations=5 (full 0):
 PSYoungGen      total 28672K, used 28647K [0x00000000eab00000, 0x00000000ec900000, 0x0000000100000000)
  eden space 26624K, 100% used [0x00000000eab00000,0x00000000ec500000,0x00000000ec500000)
  from space 2048K, 98% used [0x00000000ec700000,0x00000000ec8f9e48,0x00000000ec900000)
  to   space 2048K, 0% used [0x00000000ec500000,0x00000000ec500000,0x00000000ec700000)
 ParOldGen       total 35840K, used 6770K [0x00000000c0000000, 0x00000000c2300000, 0x00000000eab00000)
  object space 35840K, 18% used [0x00000000c0000000,0x00000000c069ca18,0x00000000c2300000)
 Metaspace       used 5952K, capacity 6896K, committed 7040K, reserved 1056768K
  class space    used 593K, capacity 616K, committed 640K, reserved 1048576K
Event: 5.656 GC heap after
Heap after GC invocations=5 (full 0):
 PSYoungGen      total 28672K, used 2026K [0x00000000eab00000, 0x00000000eec00000, 0x0000000100000000)
  eden space 26624K, 0% used [0x00000000eab00000,0x00000000eab00000,0x00000000ec500000)
  from space 2048K, 98% used [0x00000000ec500000,0x00000000ec6fa8a8,0x00000000ec700000)
  to   space 6656K, 0% used [0x00000000ee580000,0x00000000ee580000,0x00000000eec00000)
 ParOldGen       total 35840K, used 11255K [0x00000000c0000000, 0x00000000c2300000, 0x00000000eab00000)
  object space 35840K, 31% used [0x00000000c0000000,0x00000000c0afde78,0x00000000c2300000)
 Metaspace       used 5952K, capacity 6896K, committed 7040K, reserved 1056768K
  class space    used 593K, capacity 616K, committed 640K, reserved 1048576K
}
Event: 6.086 GC heap before
{Heap before GC invocations=6 (full 0):
 PSYoungGen      total 28672K, used 28650K [0x00000000eab00000, 0x00000000eec00000, 0x0000000100000000)
  eden space 26624K, 100% used [0x00000000eab00000,0x00000000ec500000,0x00000000ec500000)
  from space 2048K, 98% used [0x00000000ec500000,0x00000000ec6fa8a8,0x00000000ec700000)
  to   space 6656K, 0% used [0x00000000ee580000,0x00000000ee580000,0x00000000eec00000)
 ParOldGen       total 35840K, used 11255K [0x00000000c0000000, 0x00000000c2300000, 0x00000000eab00000)
  object space 35840K, 31% used [0x00000000c0000000,0x00000000c0afde78,0x00000000c2300000)
 Metaspace       used 5998K, capacity 6960K, committed 7040K, reserved 1056768K
  class space    used 593K, capacity 616K, committed 640K, reserved 1048576K
Event: 6.204 GC heap after
Heap after GC invocations=6 (full 0):
 PSYoungGen      total 58880K, used 6359K [0x00000000eab00000, 0x00000000eee00000, 0x0000000100000000)
  eden space 52224K, 0% used [0x00000000eab00000,0x00000000eab00000,0x00000000ede00000)
  from space 6656K, 95% used [0x00000000ee580000,0x00000000eebb5f60,0x00000000eec00000)
  to   space 7680K, 0% used [0x00000000ede00000,0x00000000ede00000,0x00000000ee580000)
 ParOldGen       total 35840K, used 11263K [0x00000000c0000000, 0x00000000c2300000, 0x00000000eab00000)
  object space 35840K, 31% used [0x00000000c0000000,0x00000000c0affe78,0x00000000c2300000)
 Metaspace       used 5998K, capacity 6960K, committed 7040K, reserved 1056768K
  class space    used 593K, capacity 616K, committed 640K, reserved 1048576K
}
Event: 7.136 GC heap before
{Heap before GC invocations=7 (full 0):
 PSYoungGen      total 58880K, used 58583K [0x00000000eab00000, 0x00000000eee00000, 0x0000000100000000)
  eden space 52224K, 100% used [0x00000000eab00000,0x00000000ede00000,0x00000000ede00000)
  from space 6656K, 95% used [0x00000000ee580000,0x00000000eebb5f60,0x00000000eec00000)
  to   space 7680K, 0% used [0x00000000ede00000,0x00000000ede00000,0x00000000ee580000)
 ParOldGen       total 35840K, used 11263K [0x00000000c0000000, 0x00000000c2300000, 0x00000000eab00000)
  object space 35840K, 31% used [0x00000000c0000000,0x00000000c0affe78,0x00000000c2300000)
 Metaspace       used 6041K, capacity 6960K, committed 7040K, reserved 1056768K
  class space    used 593K, capacity 616K, committed 640K, reserved 1048576K
Event: 7.248 GC heap after
Heap after GC invocations=7 (full 0):
 PSYoungGen      total 59904K, used 7669K [0x00000000eab00000, 0x00000000f2800000, 0x0000000100000000)
  eden space 52224K, 0% used [0x00000000eab00000,0x00000000eab00000,0x00000000ede00000)
  from space 7680K, 99% used [0x00000000ede00000,0x00000000ee57d638,0x00000000ee580000)
  to   space 11776K, 0% used [0x00000000f1c80000,0x00000000f1c80000,0x00000000f2800000)
 ParOldGen       total 35840K, used 17443K [0x00000000c0000000, 0x00000000c2300000, 0x00000000eab00000)
  object space 35840K, 48% used [0x00000000c0000000,0x00000000c1108cc0,0x00000000c2300000)
 Metaspace       used 6041K, capacity 6960K, committed 7040K, reserved 1056768K
  class space    used 593K, capacity 616K, committed 640K, reserved 1048576K
}
Event: 8.388 GC heap before
{Heap before GC invocations=8 (full 0):
 PSYoungGen      total 59904K, used 59893K [0x00000000eab00000, 0x00000000f2800000, 0x0000000100000000)
  eden space 52224K, 100% used [0x00000000eab00000,0x00000000ede00000,0x00000000ede00000)
  from space 7680K, 99% used [0x00000000ede00000,0x00000000ee57d638,0x00000000ee580000)
  to   space 11776K, 0% used [0x00000000f1c80000,0x00000000f1c80000,0x00000000f2800000)
 ParOldGen       total 35840K, used 17443K [0x00000000c0000000, 0x00000000c2300000, 0x00000000eab00000)
  object space 35840K, 48% used [0x00000000c0000000,0x00000000c1108cc0,0x00000000c2300000)
 Metaspace       used 6252K, capacity 7128K, committed 7424K, reserved 1056768K
  class space    used 613K, capacity 656K, committed 768K, reserved 1048576K
Event: 8.572 GC heap after
Heap after GC invocations=8 (full 0):
 PSYoungGen      total 113152K, used 11744K [0x00000000eab00000, 0x00000000f2e00000, 0x0000000100000000)
  eden space 101376K, 0% used [0x00000000eab00000,0x00000000eab00000,0x00000000f0e00000)
  from space 11776K, 99% used [0x00000000f1c80000,0x00000000f27f8260,0x00000000f2800000)
  to   space 14848K, 0% used [0x00000000f0e00000,0x00000000f0e00000,0x00000000f1c80000)
 ParOldGen       total 35840K, used 20176K [0x00000000c0000000, 0x00000000c2300000, 0x00000000eab00000)
  object space 35840K, 56% used [0x00000000c0000000,0x00000000c13b4010,0x00000000c2300000)
 Metaspace       used 6252K, capacity 7128K, committed 7424K, reserved 1056768K
  class space    used 613K, capacity 656K, committed 768K, reserved 1048576K
}
Event: 10.758 GC heap before
{Heap before GC invocations=9 (full 0):
 PSYoungGen      total 113152K, used 113120K [0x00000000eab00000, 0x00000000f2e00000, 0x0000000100000000)
  eden space 101376K, 100% used [0x00000000eab00000,0x00000000f0e00000,0x00000000f0e00000)
  from space 11776K, 99% used [0x00000000f1c80000,0x00000000f27f8260,0x00000000f2800000)
  to   space 14848K, 0% used [0x00000000f0e00000,0x00000000f0e00000,0x00000000f1c80000)
 ParOldGen       total 35840K, used 20176K [0x00000000c0000000, 0x00000000c2300000, 0x00000000eab00000)
  object space 35840K, 56% used [0x00000000c0000000,0x00000000c13b4010,0x00000000c2300000)
 Metaspace       used 6386K, capacity 7192K, committed 7424K, reserved 1056768K
  class space    used 613K, capacity 656K, committed 768K, reserved 1048576K

